Arguments: 
  /Users/smirza/.nvm/versions/node/v10.15.1/bin/node /Users/smirza/.nvm/versions/node/v10.15.1/bin/yarn add -D @types/eventtarget

PATH: 
  /Users/smirza/.deno/bin:/usr/local/opt/flex/bin:/Users/smirza/.cargo/bin:/Users/smirza/anaconda2/bin:/Users/smirza/.nvm/versions/node/v10.15.1/bin:/usr/local/bin:/usr/bin:/bin:/usr/sbin:/sbin:/usr/local/share/dotnet:~/.dotnet/tools:/Library/Frameworks/Mono.framework/Versions/Current/Commands:/Users/smirza/Downloads/google-cloud-sdk/bin:/Users/smirza/.deno/bin:/usr/local/opt/flex/bin:/Users/smirza/.cargo/bin:/Users/smirza/anaconda2/bin:/Users/smirza/flutter/bin:/Users/smirza/flutter/bin

Yarn version: 
  1.19.2

Node version: 
  10.15.1

Platform: 
  darwin x64

Trace: 
  Error: https://registry.yarnpkg.com/@types%2feventtarget: Not found
      at Request.params.callback [as _callback] (/Users/smirza/.nvm/versions/node/v10.15.1/lib/node_modules/yarn/lib/cli.js:66927:18)
      at Request.self.callback (/Users/smirza/.nvm/versions/node/v10.15.1/lib/node_modules/yarn/lib/cli.js:140586:22)
      at Request.emit (events.js:189:13)
      at Request.<anonymous> (/Users/smirza/.nvm/versions/node/v10.15.1/lib/node_modules/yarn/lib/cli.js:141558:10)
      at Request.emit (events.js:189:13)
      at IncomingMessage.<anonymous> (/Users/smirza/.nvm/versions/node/v10.15.1/lib/node_modules/yarn/lib/cli.js:141480:12)
      at Object.onceWrapper (events.js:277:13)
      at IncomingMessage.emit (events.js:194:15)
      at endReadableNT (_stream_readable.js:1103:12)
      at process._tickCallback (internal/process/next_tick.js:63:19)

npm manifest: 
  {
    "name": "@jitcoder/usestore",
    "version": "1.0.11",
    "description": "",
    "main": "build/index.js",
    "scripts": {
      "prepare": "yarn tsc"
    },
    "keywords": [],
    "author": "",
    "license": "ISC",
    "devDependencies": {
      "@types/react": "^16.9.15",
      "typescript": "^3.7.3"
    },
    "peerDependencies": {
      "react": "^16.8.0"
    },
    "dependencies": {
      "@types/lodash": "^4.14.149",
      "eventtarget": "^0.1.0",
      "lodash": "^4.17.15"
    }
  }

yarn manifest: 
  No manifest

Lockfile: 
  # THIS IS AN AUTOGENERATED FILE. DO NOT EDIT THIS FILE DIRECTLY.
  # yarn lockfile v1
  
  
  "@types/lodash@^4.14.149":
    version "4.14.149"
    resolved "https://registry.yarnpkg.com/@types/lodash/-/lodash-4.14.149.tgz#1342d63d948c6062838fbf961012f74d4e638440"
    integrity sha512-ijGqzZt/b7BfzcK9vTrS6MFljQRPn5BFWOx8oE0GYxribu6uV+aA9zZuXI1zc/etK9E8nrgdoF2+LgUw7+9tJQ==
  
  "@types/prop-types@*":
    version "15.7.3"
    resolved "https://registry.yarnpkg.com/@types/prop-types/-/prop-types-15.7.3.tgz#2ab0d5da2e5815f94b0b9d4b95d1e5f243ab2ca7"
    integrity sha512-KfRL3PuHmqQLOG+2tGpRO26Ctg+Cq1E01D2DMriKEATHgWLfeNDmq9e29Q9WIky0dQ3NPkd1mzYH8Lm936Z9qw==
  
  "@types/react@^16.9.15":
    version "16.9.15"
    resolved "https://registry.yarnpkg.com/@types/react/-/react-16.9.15.tgz#aeabb7a50f96c9e31a16079ada20ede9ed602977"
    integrity sha512-WsmM1b6xQn1tG3X2Hx4F3bZwc2E82pJXt5OPs2YJgg71IzvUoKOSSSYOvLXYCg1ttipM+UuA4Lj3sfvqjVxyZw==
    dependencies:
      "@types/prop-types" "*"
      csstype "^2.2.0"
  
  csstype@^2.2.0:
    version "2.6.7"
    resolved "https://registry.yarnpkg.com/csstype/-/csstype-2.6.7.tgz#20b0024c20b6718f4eda3853a1f5a1cce7f5e4a5"
    integrity sha512-9Mcn9sFbGBAdmimWb2gLVDtFJzeKtDGIr76TUqmjZrw9LFXBMSU70lcs+C0/7fyCd6iBDqmksUcCOUIkisPHsQ==
  
  eventtarget@^0.1.0:
    version "0.1.0"
    resolved "https://registry.yarnpkg.com/eventtarget/-/eventtarget-0.1.0.tgz#1ebdd72a3dcfbb0218e16d51450940cdffea4e26"
    integrity sha1-Hr3XKj3PuwIY4W1RRQlAzf/qTiY=
  
  lodash@^4.17.15:
    version "4.17.15"
    resolved "https://registry.yarnpkg.com/lodash/-/lodash-4.17.15.tgz#b447f6670a0455bbfeedd11392eff330ea097548"
    integrity sha512-8xOcRHvCjnocdS5cpwXQXVzmmh5e5+saE2QGoeQmbKmRS6J3VQppPOIt0MnmE+4xlZoumy0GPG0D0MVIQbNA1A==
  
  typescript@^3.7.3:
    version "3.7.3"
    resolved "https://registry.yarnpkg.com/typescript/-/typescript-3.7.3.tgz#b36840668a16458a7025b9eabfad11b66ab85c69"
    integrity sha512-Mcr/Qk7hXqFBXMN7p7Lusj1ktCBydylfQM/FZCk5glCNQJrCUKPkMHdo9R0MTFWsC/4kPFvDS0fDPvukfCkFsw==
